[debug] [2025-06-28T16:03:48.426Z] ----------------------------------------------------------------------
[debug] [2025-06-28T16:03:48.429Z] Command:       C:\Program Files\nodejs\node.exe c:\Users\Tmody\AppData\Roaming\npm\node_modules\firebase-tools\lib\bin\firebase.js deploy --only functions
[debug] [2025-06-28T16:03:48.429Z] CLI Version:   14.7.0
[debug] [2025-06-28T16:03:48.429Z] Platform:      win32
[debug] [2025-06-28T16:03:48.430Z] Node Version:  v22.14.0
[debug] [2025-06-28T16:03:48.430Z] Time:          Sat Jun 28 2025 19:03:48 GMT+0300 (Arabian Standard Time)
[debug] [2025-06-28T16:03:48.430Z] ----------------------------------------------------------------------
[debug] 
[debug] [2025-06-28T16:03:48.710Z] > command requires scopes: ["email","openid","https://www.googleapis.com/auth/cloudplatformprojects.readonly","https://www.googleapis.com/auth/firebase","https://www.googleapis.com/auth/cloud-platform"]
[debug] [2025-06-28T16:03:48.710Z] > authorizing via signed-in user (7modyiraq@gmail.com)
[debug] [2025-06-28T16:03:48.710Z] [iam] checking project react-57a14 for permissions ["cloudfunctions.functions.create","cloudfunctions.functions.delete","cloudfunctions.functions.get","cloudfunctions.functions.list","cloudfunctions.functions.update","cloudfunctions.operations.get","firebase.projects.get"]
[debug] [2025-06-28T16:03:48.712Z] Checked if tokens are valid: false, expires at: 1751118736464
[debug] [2025-06-28T16:03:48.712Z] Checked if tokens are valid: false, expires at: 1751118736464
[debug] [2025-06-28T16:03:48.712Z] > refreshing access token with scopes: []
[debug] [2025-06-28T16:03:48.715Z] >>> [apiv2][query] POST https://www.googleapis.com/oauth2/v3/token [none]
[debug] [2025-06-28T16:03:48.715Z] >>> [apiv2][body] POST https://www.googleapis.com/oauth2/v3/token [omitted]
[debug] [2025-06-28T16:03:49.190Z] <<< [apiv2][status] POST https://www.googleapis.com/oauth2/v3/token 200
[debug] [2025-06-28T16:03:49.190Z] <<< [apiv2][body] POST https://www.googleapis.com/oauth2/v3/token [omitted]
[debug] [2025-06-28T16:03:49.198Z] >>> [apiv2][query] POST https://cloudresourcemanager.googleapis.com/v1/projects/react-57a14:testIamPermissions [none]
[debug] [2025-06-28T16:03:49.199Z] >>> [apiv2][(partial)header] POST https://cloudresourcemanager.googleapis.com/v1/projects/react-57a14:testIamPermissions x-goog-quota-user=projects/react-57a14
[debug] [2025-06-28T16:03:49.199Z] >>> [apiv2][body] POST https://cloudresourcemanager.googleapis.com/v1/projects/react-57a14:testIamPermissions {"permissions":["cloudfunctions.functions.create","cloudfunctions.functions.delete","cloudfunctions.functions.get","cloudfunctions.functions.list","cloudfunctions.functions.update","cloudfunctions.operations.get","firebase.projects.get"]}
[debug] [2025-06-28T16:03:50.678Z] <<< [apiv2][status] POST https://cloudresourcemanager.googleapis.com/v1/projects/react-57a14:testIamPermissions 200
[debug] [2025-06-28T16:03:50.678Z] <<< [apiv2][body] POST https://cloudresourcemanager.googleapis.com/v1/projects/react-57a14:testIamPermissions {"permissions":["cloudfunctions.functions.create","cloudfunctions.functions.delete","cloudfunctions.functions.get","cloudfunctions.functions.list","cloudfunctions.functions.update","cloudfunctions.operations.get","firebase.projects.get"]}
[debug] [2025-06-28T16:03:50.678Z] Checked if tokens are valid: true, expires at: 1751130228191
[debug] [2025-06-28T16:03:50.678Z] Checked if tokens are valid: true, expires at: 1751130228191
[debug] [2025-06-28T16:03:50.678Z] >>> [apiv2][query] POST https://iam.googleapis.com/v1/projects/react-57a14/serviceAccounts/react-57a14@appspot.gserviceaccount.com:testIamPermissions [none]
[debug] [2025-06-28T16:03:50.678Z] >>> [apiv2][body] POST https://iam.googleapis.com/v1/projects/react-57a14/serviceAccounts/react-57a14@appspot.gserviceaccount.com:testIamPermissions {"permissions":["iam.serviceAccounts.actAs"]}
[debug] [2025-06-28T16:03:52.274Z] <<< [apiv2][status] POST https://iam.googleapis.com/v1/projects/react-57a14/serviceAccounts/react-57a14@appspot.gserviceaccount.com:testIamPermissions 200
[debug] [2025-06-28T16:03:52.274Z] <<< [apiv2][body] POST https://iam.googleapis.com/v1/projects/react-57a14/serviceAccounts/react-57a14@appspot.gserviceaccount.com:testIamPermissions {"permissions":["iam.serviceAccounts.actAs"]}
[info] 
[info] === Deploying to 'react-57a14'...
[info] 
[info] i  deploying functions 
[info] Running command: npm --prefix "$RESOURCE_DIR" run lint
[info] Running command: npm --prefix "$RESOURCE_DIR" run build
[info] +  functions: Finished running predeploy script. 
[debug] [2025-06-28T16:04:02.673Z] Checked if tokens are valid: true, expires at: 1751130228191
[debug] [2025-06-28T16:04:02.674Z] Checked if tokens are valid: true, expires at: 1751130228191
[debug] [2025-06-28T16:04:02.674Z] >>> [apiv2][query] GET https://serviceusage.googleapis.com/v1/projects/react-57a14/services/cloudresourcemanager.googleapis.com [none]
[debug] [2025-06-28T16:04:02.674Z] >>> [apiv2][(partial)header] GET https://serviceusage.googleapis.com/v1/projects/react-57a14/services/cloudresourcemanager.googleapis.com x-goog-quota-user=projects/react-57a14
[debug] [2025-06-28T16:04:04.530Z] <<< [apiv2][status] GET https://serviceusage.googleapis.com/v1/projects/react-57a14/services/cloudresourcemanager.googleapis.com 200
[debug] [2025-06-28T16:04:04.530Z] <<< [apiv2][body] GET https://serviceusage.googleapis.com/v1/projects/react-57a14/services/cloudresourcemanager.googleapis.com [omitted]
[debug] [2025-06-28T16:04:04.530Z] Checked if tokens are valid: true, expires at: 1751130228191
[debug] [2025-06-28T16:04:04.530Z] Checked if tokens are valid: true, expires at: 1751130228191
[debug] [2025-06-28T16:04:04.530Z] >>> [apiv2][query] GET https://cloudresourcemanager.googleapis.com/v1/projects/react-57a14 [none]
[debug] [2025-06-28T16:04:06.052Z] <<< [apiv2][status] GET https://cloudresourcemanager.googleapis.com/v1/projects/react-57a14 200
[debug] [2025-06-28T16:04:06.052Z] <<< [apiv2][body] GET https://cloudresourcemanager.googleapis.com/v1/projects/react-57a14 {"projectNumber":"769253344130","projectId":"react-57a14","lifecycleState":"ACTIVE","name":"react","labels":{"firebase":"enabled"},"createTime":"2023-08-15T04:21:08.310342Z"}
[info] i  functions: preparing codebase default for deployment 
[info] i  functions: ensuring required API cloudfunctions.googleapis.com is enabled... 
[debug] [2025-06-28T16:04:06.055Z] Checked if tokens are valid: true, expires at: 1751130228191
[debug] [2025-06-28T16:04:06.055Z] Checked if tokens are valid: true, expires at: 1751130228191
[debug] [2025-06-28T16:04:06.055Z] Checked if tokens are valid: true, expires at: 1751130228191
[debug] [2025-06-28T16:04:06.055Z] Checked if tokens are valid: true, expires at: 1751130228191
[info] i  functions: ensuring required API cloudbuild.googleapis.com is enabled... 
[debug] [2025-06-28T16:04:06.055Z] Checked if tokens are valid: true, expires at: 1751130228191
[debug] [2025-06-28T16:04:06.055Z] Checked if tokens are valid: true, expires at: 1751130228191
[info] i  artifactregistry: ensuring required API artifactregistry.googleapis.com is enabled... 
[debug] [2025-06-28T16:04:06.056Z] Checked if tokens are valid: true, expires at: 1751130228191
[debug] [2025-06-28T16:04:06.056Z] Checked if tokens are valid: true, expires at: 1751130228191
[debug] [2025-06-28T16:04:06.056Z] >>> [apiv2][query] GET https://serviceusage.googleapis.com/v1/projects/react-57a14/services/cloudfunctions.googleapis.com [none]
[debug] [2025-06-28T16:04:06.056Z] >>> [apiv2][(partial)header] GET https://serviceusage.googleapis.com/v1/projects/react-57a14/services/cloudfunctions.googleapis.com x-goog-quota-user=projects/react-57a14
[debug] [2025-06-28T16:04:06.057Z] >>> [apiv2][query] GET https://serviceusage.googleapis.com/v1/projects/react-57a14/services/runtimeconfig.googleapis.com [none]
[debug] [2025-06-28T16:04:06.057Z] >>> [apiv2][(partial)header] GET https://serviceusage.googleapis.com/v1/projects/react-57a14/services/runtimeconfig.googleapis.com x-goog-quota-user=projects/react-57a14
[debug] [2025-06-28T16:04:06.058Z] >>> [apiv2][query] GET https://serviceusage.googleapis.com/v1/projects/react-57a14/services/cloudbuild.googleapis.com [none]
[debug] [2025-06-28T16:04:06.058Z] >>> [apiv2][(partial)header] GET https://serviceusage.googleapis.com/v1/projects/react-57a14/services/cloudbuild.googleapis.com x-goog-quota-user=projects/react-57a14
[debug] [2025-06-28T16:04:06.060Z] >>> [apiv2][query] GET https://serviceusage.googleapis.com/v1/projects/react-57a14/services/artifactregistry.googleapis.com [none]
[debug] [2025-06-28T16:04:06.060Z] >>> [apiv2][(partial)header] GET https://serviceusage.googleapis.com/v1/projects/react-57a14/services/artifactregistry.googleapis.com x-goog-quota-user=projects/react-57a14
[debug] [2025-06-28T16:04:07.540Z] <<< [apiv2][status] GET https://serviceusage.googleapis.com/v1/projects/react-57a14/services/cloudfunctions.googleapis.com 200
[debug] [2025-06-28T16:04:07.540Z] <<< [apiv2][body] GET https://serviceusage.googleapis.com/v1/projects/react-57a14/services/cloudfunctions.googleapis.com [omitted]
[info] +  functions: required API cloudfunctions.googleapis.com is enabled 
[debug] [2025-06-28T16:04:07.720Z] <<< [apiv2][status] GET https://serviceusage.googleapis.com/v1/projects/react-57a14/services/runtimeconfig.googleapis.com 200
[debug] [2025-06-28T16:04:07.720Z] <<< [apiv2][body] GET https://serviceusage.googleapis.com/v1/projects/react-57a14/services/runtimeconfig.googleapis.com [omitted]
[debug] [2025-06-28T16:04:07.721Z] <<< [apiv2][status] GET https://serviceusage.googleapis.com/v1/projects/react-57a14/services/cloudbuild.googleapis.com 200
[debug] [2025-06-28T16:04:07.722Z] <<< [apiv2][body] GET https://serviceusage.googleapis.com/v1/projects/react-57a14/services/cloudbuild.googleapis.com [omitted]
[info] +  functions: required API cloudbuild.googleapis.com is enabled 
[debug] [2025-06-28T16:04:07.739Z] <<< [apiv2][status] GET https://serviceusage.googleapis.com/v1/projects/react-57a14/services/artifactregistry.googleapis.com 200
[debug] [2025-06-28T16:04:07.740Z] <<< [apiv2][body] GET https://serviceusage.googleapis.com/v1/projects/react-57a14/services/artifactregistry.googleapis.com [omitted]
[info] +  artifactregistry: required API artifactregistry.googleapis.com is enabled 
[debug] [2025-06-28T16:04:07.740Z] Checked if tokens are valid: true, expires at: 1751130228191
[debug] [2025-06-28T16:04:07.740Z] Checked if tokens are valid: true, expires at: 1751130228191
[debug] [2025-06-28T16:04:07.741Z] >>> [apiv2][query] GET https://firebase.googleapis.com/v1beta1/projects/react-57a14/adminSdkConfig [none]
[debug] [2025-06-28T16:04:08.539Z] <<< [apiv2][status] GET https://firebase.googleapis.com/v1beta1/projects/react-57a14/adminSdkConfig 200
[debug] [2025-06-28T16:04:08.539Z] <<< [apiv2][body] GET https://firebase.googleapis.com/v1beta1/projects/react-57a14/adminSdkConfig {"projectId":"react-57a14","databaseURL":"https://react-57a14-default-rtdb.europe-west1.firebasedatabase.app","storageBucket":"react-57a14.appspot.com","locationId":"europe-west"}
[debug] [2025-06-28T16:04:08.540Z] Checked if tokens are valid: true, expires at: 1751130228191
[debug] [2025-06-28T16:04:08.540Z] Checked if tokens are valid: true, expires at: 1751130228191
[debug] [2025-06-28T16:04:08.540Z] >>> [apiv2][query] GET https://runtimeconfig.googleapis.com/v1beta1/projects/react-57a14/configs [none]
[debug] [2025-06-28T16:04:09.239Z] <<< [apiv2][status] GET https://runtimeconfig.googleapis.com/v1beta1/projects/react-57a14/configs 200
[debug] [2025-06-28T16:04:09.239Z] <<< [apiv2][body] GET https://runtimeconfig.googleapis.com/v1beta1/projects/react-57a14/configs {}
[debug] [2025-06-28T16:04:09.241Z] Validating nodejs source
[debug] [2025-06-28T16:04:10.518Z] > [functions] package.json contents: {
  "name": "functions",
  "scripts": {
    "lint": "eslint .",
    "build": "tsc",
    "build:watch": "tsc --watch",
    "serve": "npm run build && firebase emulators:start --only functions",
    "shell": "npm run build && firebase functions:shell",
    "start": "npm run shell",
    "deploy": "firebase deploy --only functions",
    "logs": "firebase functions:log"
  },
  "engines": {
    "node": "22"
  },
  "main": "lib/index.js",
  "dependencies": {
    "expo-server-sdk": "^3.15.0",
    "firebase-admin": "^12.6.0",
    "firebase-functions": "^6.0.1"
  },
  "devDependencies": {
    "@typescript-eslint/eslint-plugin": "^5.12.0",
    "@typescript-eslint/parser": "^5.12.0",
    "eslint": "^8.9.0",
    "eslint-config-google": "^0.14.0",
    "eslint-plugin-import": "^2.25.4",
    "firebase-functions-test": "^3.1.0",
    "typescript": "^5.7.3"
  },
  "private": true
}
[debug] [2025-06-28T16:04:10.518Z] Building nodejs source
[info] i  functions: Loading and analyzing source code for codebase default to determine what to deploy 
[debug] [2025-06-28T16:04:10.519Z] Could not find functions.yaml. Must use http discovery
[debug] [2025-06-28T16:04:10.528Z] Found firebase-functions binary at 'C:\q\functions\node_modules\.bin\firebase-functions'
[info] Serving at port 8986

[debug] [2025-06-28T16:04:11.028Z] Got response from /__/functions.yaml {"endpoints":{"sendNewRequestNotificationOnUpdate":{"availableMemoryMb":null,"timeoutSeconds":null,"minInstances":null,"maxInstances":null,"ingressSettings":null,"concurrency":null,"serviceAccountEmail":null,"vpc":null,"platform":"gcfv2","region":["europe-west1"],"labels":{},"eventTrigger":{"eventType":"google.cloud.firestore.document.v1.updated","eventFilters":{"database":"(default)","namespace":"(default)"},"eventFilterPathPatterns":{"document":"serviceRequests/{requestId}"},"retry":false},"entryPoint":"sendNewRequestNotificationOnUpdate"},"sendNewRequestNotificationOnCreate":{"availableMemoryMb":null,"timeoutSeconds":null,"minInstances":null,"maxInstances":null,"ingressSettings":null,"concurrency":null,"serviceAccountEmail":null,"vpc":null,"platform":"gcfv2","region":["europe-west1"],"labels":{},"eventTrigger":{"eventType":"google.cloud.firestore.document.v1.created","eventFilters":{"database":"(default)","namespace":"(default)"},"eventFilterPathPatterns":{"document":"serviceRequests/{requestId}"},"retry":false},"entryPoint":"sendNewRequestNotificationOnCreate"}},"specVersion":"v1alpha1","requiredAPIs":[],"extensions":{}}
[info] i  extensions: ensuring required API firebaseextensions.googleapis.com is enabled... 
[debug] [2025-06-28T16:04:15.063Z] Checked if tokens are valid: true, expires at: 1751130228191
[debug] [2025-06-28T16:04:15.063Z] Checked if tokens are valid: true, expires at: 1751130228191
[debug] [2025-06-28T16:04:15.064Z] >>> [apiv2][query] GET https://serviceusage.googleapis.com/v1/projects/react-57a14/services/firebaseextensions.googleapis.com [none]
[debug] [2025-06-28T16:04:15.064Z] >>> [apiv2][(partial)header] GET https://serviceusage.googleapis.com/v1/projects/react-57a14/services/firebaseextensions.googleapis.com x-goog-quota-user=projects/react-57a14
[debug] [2025-06-28T16:04:16.731Z] <<< [apiv2][status] GET https://serviceusage.googleapis.com/v1/projects/react-57a14/services/firebaseextensions.googleapis.com 200
[debug] [2025-06-28T16:04:16.731Z] <<< [apiv2][body] GET https://serviceusage.googleapis.com/v1/projects/react-57a14/services/firebaseextensions.googleapis.com [omitted]
[info] +  extensions: required API firebaseextensions.googleapis.com is enabled 
[debug] [2025-06-28T16:04:16.732Z] > command requires scopes: ["email","openid","https://www.googleapis.com/auth/cloudplatformprojects.readonly","https://www.googleapis.com/auth/firebase","https://www.googleapis.com/auth/cloud-platform"]
[debug] [2025-06-28T16:04:16.732Z] > authorizing via signed-in user (7modyiraq@gmail.com)
[debug] [2025-06-28T16:04:16.732Z] [iam] checking project react-57a14 for permissions ["firebase.projects.get","firebaseextensions.instances.list"]
[debug] [2025-06-28T16:04:16.732Z] Checked if tokens are valid: true, expires at: 1751130228191
[debug] [2025-06-28T16:04:16.732Z] Checked if tokens are valid: true, expires at: 1751130228191
[debug] [2025-06-28T16:04:16.732Z] >>> [apiv2][query] POST https://cloudresourcemanager.googleapis.com/v1/projects/react-57a14:testIamPermissions [none]
[debug] [2025-06-28T16:04:16.732Z] >>> [apiv2][(partial)header] POST https://cloudresourcemanager.googleapis.com/v1/projects/react-57a14:testIamPermissions x-goog-quota-user=projects/react-57a14
[debug] [2025-06-28T16:04:16.732Z] >>> [apiv2][body] POST https://cloudresourcemanager.googleapis.com/v1/projects/react-57a14:testIamPermissions {"permissions":["firebase.projects.get","firebaseextensions.instances.list"]}
[debug] [2025-06-28T16:04:18.199Z] <<< [apiv2][status] POST https://cloudresourcemanager.googleapis.com/v1/projects/react-57a14:testIamPermissions 200
[debug] [2025-06-28T16:04:18.199Z] <<< [apiv2][body] POST https://cloudresourcemanager.googleapis.com/v1/projects/react-57a14:testIamPermissions {"permissions":["firebase.projects.get","firebaseextensions.instances.list"]}
[debug] [2025-06-28T16:04:18.200Z] Checked if tokens are valid: true, expires at: 1751130228191
[debug] [2025-06-28T16:04:18.200Z] Checked if tokens are valid: true, expires at: 1751130228191
[debug] [2025-06-28T16:04:18.200Z] >>> [apiv2][query] GET https://firebaseextensions.googleapis.com/v1beta/projects/react-57a14/instances pageSize=100&pageToken=
[debug] [2025-06-28T16:04:19.983Z] <<< [apiv2][status] GET https://firebaseextensions.googleapis.com/v1beta/projects/react-57a14/instances 200
[debug] [2025-06-28T16:04:19.984Z] <<< [apiv2][body] GET https://firebaseextensions.googleapis.com/v1beta/projects/react-57a14/instances {}
[info] i  functions: preparing functions directory for uploading... 
[info] i  functions: packaged C:\q\functions (98.28 KB) for uploading 
[debug] [2025-06-28T16:04:20.034Z] Checked if tokens are valid: true, expires at: 1751130228191
[debug] [2025-06-28T16:04:20.034Z] Checked if tokens are valid: true, expires at: 1751130228191
[debug] [2025-06-28T16:04:20.034Z] >>> [apiv2][query] GET https://cloudfunctions.googleapis.com/v1/projects/react-57a14/locations/-/functions [none]
[debug] [2025-06-28T16:04:21.252Z] <<< [apiv2][status] GET https://cloudfunctions.googleapis.com/v1/projects/react-57a14/locations/-/functions 200
[debug] [2025-06-28T16:04:21.252Z] <<< [apiv2][body] GET https://cloudfunctions.googleapis.com/v1/projects/react-57a14/locations/-/functions {}
[debug] [2025-06-28T16:04:21.252Z] Checked if tokens are valid: true, expires at: 1751130228191
[debug] [2025-06-28T16:04:21.252Z] Checked if tokens are valid: true, expires at: 1751130228191
[debug] [2025-06-28T16:04:21.252Z] >>> [apiv2][query] GET https://cloudfunctions.googleapis.com/v2/projects/react-57a14/locations/-/functions filter=environment%3D%22GEN_2%22
[debug] [2025-06-28T16:04:22.443Z] <<< [apiv2][status] GET https://cloudfunctions.googleapis.com/v2/projects/react-57a14/locations/-/functions 200
[debug] [2025-06-28T16:04:22.443Z] <<< [apiv2][body] GET https://cloudfunctions.googleapis.com/v2/projects/react-57a14/locations/-/functions {"functions":[{"name":"projects/react-57a14/locations/europe-west1/functions/sendCommentNotification","buildConfig":{"build":"projects/769253344130/locations/europe-west1/builds/2d724b58-8faf-432e-8174-fc1a571a4a1d","runtime":"nodejs22","entryPoint":"sendCommentNotification","source":{"storageSource":{"bucket":"gcf-v2-sources-769253344130-europe-west1","object":"sendCommentNotification/function-source.zip","generation":"1751115182169571"}},"environmentVariables":{"GOOGLE_NODE_RUN_SCRIPTS":""},"dockerRepository":"projects/react-57a14/locations/europe-west1/repositories/gcf-artifacts","sourceProvenance":{"resolvedStorageSource":{"bucket":"gcf-v2-sources-769253344130-europe-west1","object":"sendCommentNotification/function-source.zip","generation":"1751115182169571"}},"dockerRegistry":"ARTIFACT_REGISTRY","serviceAccount":"projects/react-57a14/serviceAccounts/769253344130-compute@developer.gserviceaccount.com","automaticUpdatePolicy":{}},"serviceConfig":{"service":"projects/react-57a14/locations/europe-west1/services/sendcommentnotification","timeoutSeconds":60,"environmentVariables":{"FIREBASE_CONFIG":"{\"projectId\":\"react-57a14\",\"databaseURL\":\"https://react-57a14-default-rtdb.europe-west1.firebasedatabase.app\",\"storageBucket\":\"react-57a14.appspot.com\",\"locationId\":\"europe-west\"}","GCLOUD_PROJECT":"react-57a14","EVENTARC_CLOUD_EVENT_SOURCE":"projects/react-57a14/locations/europe-west1/services/sendCommentNotification","FUNCTION_SIGNATURE_TYPE":"cloudevent","FUNCTION_TARGET":"sendCommentNotification","LOG_EXECUTION_ID":"true"},"maxInstanceCount":3,"ingressSettings":"ALLOW_ALL","uri":"https://sendcommentnotification-tsghkzetta-ew.a.run.app","serviceAccountEmail":"769253344130-compute@developer.gserviceaccount.com","availableMemory":"256Mi","allTrafficOnLatestRevision":true,"revision":"sendcommentnotification-00001-nug","maxInstanceRequestConcurrency":80,"availableCpu":"1"},"eventTrigger":{"trigger":"projects/react-57a14/locations/eur3/triggers/sendcommentnotification-917682","triggerRegion":"eur3","eventType":"google.cloud.firestore.document.v1.updated","eventFilters":[{"attribute":"database","value":"(default)"},{"attribute":"namespace","value":"(default)"},{"attribute":"document","value":"serviceRequests/{requestId}","operator":"match-path-pattern"}],"pubsubTopic":"projects/react-57a14/topics/eventarc-eur3-sendcommentnotification-917682-775","serviceAccountEmail":"769253344130-compute@developer.gserviceaccount.com","retryPolicy":"RETRY_POLICY_DO_NOT_RETRY"},"state":"ACTIVE","updateTime":"2025-06-28T12:54:52.199009240Z","labels":{"deployment-tool":"cli-firebase","firebase-functions-hash":"fb9af1a169cfa3394db02a3088510be3a4871d0e"},"environment":"GEN_2","url":"https://europe-west1-react-57a14.cloudfunctions.net/sendCommentNotification","createTime":"2025-06-28T12:53:02.599058874Z","satisfiesPzi":true},{"name":"projects/react-57a14/locations/europe-west1/functions/sendNewRequestNotificationOnCreate","buildConfig":{"build":"projects/769253344130/locations/europe-west1/builds/2d724b58-8faf-432e-8174-fc1a571a4a1d","runtime":"nodejs22","entryPoint":"sendNewRequestNotificationOnCreate","source":{"storageSource":{"bucket":"gcf-v2-sources-769253344130-europe-west1","object":"sendNewRequestNotificationOnCreate/function-source.zip","generation":"1751115273842138"}},"environmentVariables":{"GOOGLE_NODE_RUN_SCRIPTS":""},"dockerRepository":"projects/react-57a14/locations/europe-west1/repositories/gcf-artifacts","sourceProvenance":{"resolvedStorageSource":{"bucket":"gcf-v2-sources-769253344130-europe-west1","object":"sendNewRequestNotificationOnCreate/function-source.zip","generation":"1751115273842138"}},"dockerRegistry":"ARTIFACT_REGISTRY","serviceAccount":"projects/react-57a14/serviceAccounts/769253344130-compute@developer.gserviceaccount.com","automaticUpdatePolicy":{}},"serviceConfig":{"service":"projects/react-57a14/locations/europe-west1/services/sendnewrequestnotificationoncreate","timeoutSeconds":60,"environmentVariables":{"FIREBASE_CONFIG":"{\"projectId\":\"react-57a14\",\"databaseURL\":\"https://react-57a14-default-rtdb.europe-west1.firebasedatabase.app\",\"storageBucket\":\"react-57a14.appspot.com\",\"locationId\":\"europe-west\"}","GCLOUD_PROJECT":"react-57a14","EVENTARC_CLOUD_EVENT_SOURCE":"projects/react-57a14/locations/europe-west1/services/sendNewRequestNotificationOnCreate","FUNCTION_SIGNATURE_TYPE":"cloudevent","FUNCTION_TARGET":"sendNewRequestNotificationOnCreate","LOG_EXECUTION_ID":"true"},"maxInstanceCount":3,"ingressSettings":"ALLOW_ALL","uri":"https://sendnewrequestnotificationoncreate-tsghkzetta-ew.a.run.app","serviceAccountEmail":"769253344130-compute@developer.gserviceaccount.com","availableMemory":"256Mi","allTrafficOnLatestRevision":true,"revision":"sendnewrequestnotificationoncreate-00002-poh","maxInstanceRequestConcurrency":80,"availableCpu":"1"},"eventTrigger":{"trigger":"projects/react-57a14/locations/eur3/triggers/sendnewrequestnotificationoncreate-858206","triggerRegion":"eur3","eventType":"google.cloud.firestore.document.v1.created","eventFilters":[{"attribute":"database","value":"(default)"},{"attribute":"namespace","value":"(default)"},{"attribute":"document","value":"serviceRequests/{requestId}","operator":"match-path-pattern"}],"pubsubTopic":"projects/react-57a14/topics/eventarc-eur3-sendnewrequestnotificationoncreate-858206-639","serviceAccountEmail":"769253344130-compute@developer.gserviceaccount.com","retryPolicy":"RETRY_POLICY_DO_NOT_RETRY"},"state":"ACTIVE","updateTime":"2025-06-28T12:54:42.847394038Z","labels":{"deployment-tool":"cli-firebase","firebase-functions-hash":"fb9af1a169cfa3394db02a3088510be3a4871d0e"},"environment":"GEN_2","url":"https://europe-west1-react-57a14.cloudfunctions.net/sendNewRequestNotificationOnCreate","createTime":"2025-06-26T08:04:46.282421554Z","satisfiesPzi":true},{"name":"projects/react-57a14/locations/europe-west1/functions/sendNewRequestNotificationOnUpdate","buildConfig":{"build":"projects/769253344130/locations/europe-west1/builds/2d724b58-8faf-432e-8174-fc1a571a4a1d","runtime":"nodejs22","entryPoint":"sendNewRequestNotificationOnUpdate","source":{"storageSource":{"bucket":"gcf-v2-sources-769253344130-europe-west1","object":"sendNewRequestNotificationOnUpdate/function-source.zip","generation":"1751115273867165"}},"environmentVariables":{"GOOGLE_NODE_RUN_SCRIPTS":""},"dockerRepository":"projects/react-57a14/locations/europe-west1/repositories/gcf-artifacts","sourceProvenance":{"resolvedStorageSource":{"bucket":"gcf-v2-sources-769253344130-europe-west1","object":"sendNewRequestNotificationOnUpdate/function-source.zip","generation":"1751115273867165"}},"dockerRegistry":"ARTIFACT_REGISTRY","serviceAccount":"projects/react-57a14/serviceAccounts/769253344130-compute@developer.gserviceaccount.com","automaticUpdatePolicy":{}},"serviceConfig":{"service":"projects/react-57a14/locations/europe-west1/services/sendnewrequestnotificationonupdate","timeoutSeconds":60,"environmentVariables":{"FIREBASE_CONFIG":"{\"projectId\":\"react-57a14\",\"databaseURL\":\"https://react-57a14-default-rtdb.europe-west1.firebasedatabase.app\",\"storageBucket\":\"react-57a14.appspot.com\",\"locationId\":\"europe-west\"}","GCLOUD_PROJECT":"react-57a14","EVENTARC_CLOUD_EVENT_SOURCE":"projects/react-57a14/locations/europe-west1/services/sendNewRequestNotificationOnUpdate","FUNCTION_SIGNATURE_TYPE":"cloudevent","FUNCTION_TARGET":"sendNewRequestNotificationOnUpdate","LOG_EXECUTION_ID":"true"},"maxInstanceCount":3,"ingressSettings":"ALLOW_ALL","uri":"https://sendnewrequestnotificationonupdate-tsghkzetta-ew.a.run.app","serviceAccountEmail":"769253344130-compute@developer.gserviceaccount.com","availableMemory":"256Mi","allTrafficOnLatestRevision":true,"revision":"sendnewrequestnotificationonupdate-00002-jug","maxInstanceRequestConcurrency":80,"availableCpu":"1"},"eventTrigger":{"trigger":"projects/react-57a14/locations/eur3/triggers/sendnewrequestnotificationonupdate-653235","triggerRegion":"eur3","eventType":"google.cloud.firestore.document.v1.updated","eventFilters":[{"attribute":"document","value":"serviceRequests/{requestId}","operator":"match-path-pattern"},{"attribute":"database","value":"(default)"},{"attribute":"namespace","value":"(default)"}],"pubsubTopic":"projects/react-57a14/topics/eventarc-eur3-sendnewrequestnotificationonupdate-653235-931","serviceAccountEmail":"769253344130-compute@developer.gserviceaccount.com","retryPolicy":"RETRY_POLICY_DO_NOT_RETRY"},"state":"ACTIVE","updateTime":"2025-06-28T12:54:40.796367475Z","labels":{"deployment-tool":"cli-firebase","firebase-functions-hash":"fb9af1a169cfa3394db02a3088510be3a4871d0e"},"environment":"GEN_2","url":"https://europe-west1-react-57a14.cloudfunctions.net/sendNewRequestNotificationOnUpdate","createTime":"2025-06-26T08:03:33.040460876Z","satisfiesPzi":true}]}
[debug] [2025-06-28T16:04:22.445Z] Checked if tokens are valid: true, expires at: 1751130228191
[debug] [2025-06-28T16:04:22.445Z] Checked if tokens are valid: true, expires at: 1751130228191
[debug] [2025-06-28T16:04:22.445Z] >>> [apiv2][query] GET https://firestore.googleapis.com/v1/projects/react-57a14/databases/(default) [none]
[debug] [2025-06-28T16:04:23.457Z] <<< [apiv2][status] GET https://firestore.googleapis.com/v1/projects/react-57a14/databases/(default) 200
[debug] [2025-06-28T16:04:23.457Z] <<< [apiv2][body] GET https://firestore.googleapis.com/v1/projects/react-57a14/databases/(default) {"name":"projects/react-57a14/databases/(default)","uid":"2530c7a7-e019-4a5b-b9fd-577b97429e32","createTime":"2023-08-15T04:36:25.666765Z","updateTime":"2023-08-15T04:36:25.666765Z","locationId":"eur3","type":"FIRESTORE_NATIVE","concurrencyMode":"PESSIMISTIC","versionRetentionPeriod":"604800s","earliestVersionTime":"2025-06-21T16:05:00Z","appEngineIntegrationMode":"DISABLED","keyPrefix":"e","pointInTimeRecoveryEnablement":"POINT_IN_TIME_RECOVERY_ENABLED","deleteProtectionState":"DELETE_PROTECTION_DISABLED","backupConfig":{"backupSchedulesEnabled":true},"databaseEdition":"STANDARD","freeTier":true,"etag":"IPPZvZW/lI4DMPrmkqfGtY0D"}
[info] i  functions: ensuring required API run.googleapis.com is enabled... 
[debug] [2025-06-28T16:04:23.458Z] Checked if tokens are valid: true, expires at: 1751130228191
[debug] [2025-06-28T16:04:23.458Z] Checked if tokens are valid: true, expires at: 1751130228191
[info] i  functions: ensuring required API eventarc.googleapis.com is enabled... 
[debug] [2025-06-28T16:04:23.459Z] Checked if tokens are valid: true, expires at: 1751130228191
[debug] [2025-06-28T16:04:23.459Z] Checked if tokens are valid: true, expires at: 1751130228191
[info] i  functions: ensuring required API pubsub.googleapis.com is enabled... 
[debug] [2025-06-28T16:04:23.459Z] Checked if tokens are valid: true, expires at: 1751130228191
[debug] [2025-06-28T16:04:23.459Z] Checked if tokens are valid: true, expires at: 1751130228191
[info] i  functions: ensuring required API storage.googleapis.com is enabled... 
[debug] [2025-06-28T16:04:23.459Z] Checked if tokens are valid: true, expires at: 1751130228191
[debug] [2025-06-28T16:04:23.459Z] Checked if tokens are valid: true, expires at: 1751130228191
[debug] [2025-06-28T16:04:23.460Z] >>> [apiv2][query] GET https://serviceusage.googleapis.com/v1/projects/769253344130/services/run.googleapis.com [none]
[debug] [2025-06-28T16:04:23.460Z] >>> [apiv2][(partial)header] GET https://serviceusage.googleapis.com/v1/projects/769253344130/services/run.googleapis.com x-goog-quota-user=projects/769253344130
[debug] [2025-06-28T16:04:23.461Z] >>> [apiv2][query] GET https://serviceusage.googleapis.com/v1/projects/769253344130/services/eventarc.googleapis.com [none]
[debug] [2025-06-28T16:04:23.461Z] >>> [apiv2][(partial)header] GET https://serviceusage.googleapis.com/v1/projects/769253344130/services/eventarc.googleapis.com x-goog-quota-user=projects/769253344130
[debug] [2025-06-28T16:04:23.462Z] >>> [apiv2][query] GET https://serviceusage.googleapis.com/v1/projects/769253344130/services/pubsub.googleapis.com [none]
[debug] [2025-06-28T16:04:23.462Z] >>> [apiv2][(partial)header] GET https://serviceusage.googleapis.com/v1/projects/769253344130/services/pubsub.googleapis.com x-goog-quota-user=projects/769253344130
[debug] [2025-06-28T16:04:23.463Z] >>> [apiv2][query] GET https://serviceusage.googleapis.com/v1/projects/769253344130/services/storage.googleapis.com [none]
[debug] [2025-06-28T16:04:23.463Z] >>> [apiv2][(partial)header] GET https://serviceusage.googleapis.com/v1/projects/769253344130/services/storage.googleapis.com x-goog-quota-user=projects/769253344130
[debug] [2025-06-28T16:04:25.096Z] <<< [apiv2][status] GET https://serviceusage.googleapis.com/v1/projects/769253344130/services/eventarc.googleapis.com 200
[debug] [2025-06-28T16:04:25.096Z] <<< [apiv2][body] GET https://serviceusage.googleapis.com/v1/projects/769253344130/services/eventarc.googleapis.com [omitted]
[info] +  functions: required API eventarc.googleapis.com is enabled 
[debug] [2025-06-28T16:04:25.099Z] <<< [apiv2][status] GET https://serviceusage.googleapis.com/v1/projects/769253344130/services/pubsub.googleapis.com 200
[debug] [2025-06-28T16:04:25.099Z] <<< [apiv2][body] GET https://serviceusage.googleapis.com/v1/projects/769253344130/services/pubsub.googleapis.com [omitted]
[info] +  functions: required API pubsub.googleapis.com is enabled 
[debug] [2025-06-28T16:04:25.105Z] <<< [apiv2][status] GET https://serviceusage.googleapis.com/v1/projects/769253344130/services/run.googleapis.com 200
[debug] [2025-06-28T16:04:25.106Z] <<< [apiv2][body] GET https://serviceusage.googleapis.com/v1/projects/769253344130/services/run.googleapis.com [omitted]
[info] +  functions: required API run.googleapis.com is enabled 
[debug] [2025-06-28T16:04:25.135Z] <<< [apiv2][status] GET https://serviceusage.googleapis.com/v1/projects/769253344130/services/storage.googleapis.com 200
[debug] [2025-06-28T16:04:25.135Z] <<< [apiv2][body] GET https://serviceusage.googleapis.com/v1/projects/769253344130/services/storage.googleapis.com [omitted]
[info] +  functions: required API storage.googleapis.com is enabled 
[info] i  functions: generating the service identity for pubsub.googleapis.com... 
[debug] [2025-06-28T16:04:25.136Z] Checked if tokens are valid: true, expires at: 1751130228191
[debug] [2025-06-28T16:04:25.136Z] Checked if tokens are valid: true, expires at: 1751130228191
[info] i  functions: generating the service identity for eventarc.googleapis.com... 
[debug] [2025-06-28T16:04:25.136Z] Checked if tokens are valid: true, expires at: 1751130228191
[debug] [2025-06-28T16:04:25.136Z] Checked if tokens are valid: true, expires at: 1751130228191
[debug] [2025-06-28T16:04:25.137Z] >>> [apiv2][query] POST https://serviceusage.googleapis.com/v1beta1/projects/769253344130/services/pubsub.googleapis.com:generateServiceIdentity [none]
[debug] [2025-06-28T16:04:25.137Z] >>> [apiv2][query] POST https://serviceusage.googleapis.com/v1beta1/projects/769253344130/services/eventarc.googleapis.com:generateServiceIdentity [none]
[debug] [2025-06-28T16:04:26.608Z] <<< [apiv2][status] POST https://serviceusage.googleapis.com/v1beta1/projects/769253344130/services/pubsub.googleapis.com:generateServiceIdentity 200
[debug] [2025-06-28T16:04:26.608Z] <<< [apiv2][body] POST https://serviceusage.googleapis.com/v1beta1/projects/769253344130/services/pubsub.googleapis.com:generateServiceIdentity {"name":"operations/finished.DONE_OPERATION","done":true,"response":{"@type":"type.googleapis.com/google.api.serviceusage.v1beta1.ServiceIdentity","email":"service-769253344130@gcp-sa-pubsub.iam.gserviceaccount.com","uniqueId":"112704368614889995260"}}
[debug] [2025-06-28T16:04:26.628Z] <<< [apiv2][status] POST https://serviceusage.googleapis.com/v1beta1/projects/769253344130/services/eventarc.googleapis.com:generateServiceIdentity 200
[debug] [2025-06-28T16:04:26.629Z] <<< [apiv2][body] POST https://serviceusage.googleapis.com/v1beta1/projects/769253344130/services/eventarc.googleapis.com:generateServiceIdentity {"name":"operations/finished.DONE_OPERATION","done":true,"response":{"@type":"type.googleapis.com/google.api.serviceusage.v1beta1.ServiceIdentity","email":"service-769253344130@gcp-sa-eventarc.iam.gserviceaccount.com","uniqueId":"113210480350637304547"}}
[debug] [2025-06-28T16:04:26.630Z] Checked if tokens are valid: true, expires at: 1751130228191
[debug] [2025-06-28T16:04:26.630Z] Checked if tokens are valid: true, expires at: 1751130228191
[debug] [2025-06-28T16:04:26.630Z] >>> [apiv2][query] GET https://serviceusage.googleapis.com/v1/projects/react-57a14/services/cloudresourcemanager.googleapis.com [none]
[debug] [2025-06-28T16:04:26.630Z] >>> [apiv2][(partial)header] GET https://serviceusage.googleapis.com/v1/projects/react-57a14/services/cloudresourcemanager.googleapis.com x-goog-quota-user=projects/react-57a14
[debug] [2025-06-28T16:04:27.176Z] <<< [apiv2][status] GET https://serviceusage.googleapis.com/v1/projects/react-57a14/services/cloudresourcemanager.googleapis.com 200
[debug] [2025-06-28T16:04:27.176Z] <<< [apiv2][body] GET https://serviceusage.googleapis.com/v1/projects/react-57a14/services/cloudresourcemanager.googleapis.com [omitted]
[debug] [2025-06-28T16:04:27.176Z] Checked if tokens are valid: true, expires at: 1751130228191
[debug] [2025-06-28T16:04:27.176Z] Checked if tokens are valid: true, expires at: 1751130228191
[debug] [2025-06-28T16:04:27.176Z] >>> [apiv2][query] GET https://cloudresourcemanager.googleapis.com/v1/projects/react-57a14 [none]
[debug] [2025-06-28T16:04:28.671Z] <<< [apiv2][status] GET https://cloudresourcemanager.googleapis.com/v1/projects/react-57a14 200
[debug] [2025-06-28T16:04:28.671Z] <<< [apiv2][body] GET https://cloudresourcemanager.googleapis.com/v1/projects/react-57a14 {"projectNumber":"769253344130","projectId":"react-57a14","lifecycleState":"ACTIVE","name":"react","labels":{"firebase":"enabled"},"createTime":"2023-08-15T04:21:08.310342Z"}
[debug] [2025-06-28T16:04:28.671Z] Checked if tokens are valid: true, expires at: 1751130228191
[debug] [2025-06-28T16:04:28.671Z] Checked if tokens are valid: true, expires at: 1751130228191
[debug] [2025-06-28T16:04:28.672Z] >>> [apiv2][query] GET https://compute.googleapis.com/compute/v1/projects/769253344130 [none]
[debug] [2025-06-28T16:04:29.278Z] <<< [apiv2][status] GET https://compute.googleapis.com/compute/v1/projects/769253344130 403
[debug] [2025-06-28T16:04:29.278Z] <<< [apiv2][body] GET https://compute.googleapis.com/compute/v1/projects/769253344130 {"error":{"code":403,"message":"Compute Engine API has not been used in project 769253344130 before or it is disabled. Enable it by visiting https://console.developers.google.com/apis/api/compute.googleapis.com/overview?project=769253344130 then retry. If you enabled this API recently, wait a few minutes for the action to propagate to our systems and retry.","errors":[{"message":"Compute Engine API has not been used in project 769253344130 before or it is disabled. Enable it by visiting https://console.developers.google.com/apis/api/compute.googleapis.com/overview?project=769253344130 then retry. If you enabled this API recently, wait a few minutes for the action to propagate to our systems and retry.","domain":"usageLimits","reason":"accessNotConfigured","extendedHelp":"https://console.developers.google.com"}],"status":"PERMISSION_DENIED","details":[{"@type":"type.googleapis.com/google.rpc.ErrorInfo","reason":"SERVICE_DISABLED","domain":"googleapis.com","metadata":{"consumer":"projects/769253344130","activationUrl":"https://console.developers.google.com/apis/api/compute.googleapis.com/overview?project=769253344130","serviceTitle":"Compute Engine API","containerInfo":"769253344130","service":"compute.googleapis.com"}},{"@type":"type.googleapis.com/google.rpc.LocalizedMessage","locale":"en-US","message":"Compute Engine API has not been used in project 769253344130 before or it is disabled. Enable it by visiting https://console.developers.google.com/apis/api/compute.googleapis.com/overview?project=769253344130 then retry. If you enabled this API recently, wait a few minutes for the action to propagate to our systems and retry."},{"@type":"type.googleapis.com/google.rpc.Help","links":[{"description":"Google developers console API activation","url":"https://console.developers.google.com/apis/api/compute.googleapis.com/overview?project=769253344130"}]}]}}
[debug] [2025-06-28T16:04:29.278Z] unable to look up default compute service account. Falling back to 769253344130-compute@developer.gserviceaccount.com. Error: {"name":"FirebaseError","children":[],"context":{"body":{"error":{"code":403,"message":"Compute Engine API has not been used in project 769253344130 before or it is disabled. Enable it by visiting https://console.developers.google.com/apis/api/compute.googleapis.com/overview?project=769253344130 then retry. If you enabled this API recently, wait a few minutes for the action to propagate to our systems and retry.","errors":[{"message":"Compute Engine API has not been used in project 769253344130 before or it is disabled. Enable it by visiting https://console.developers.google.com/apis/api/compute.googleapis.com/overview?project=769253344130 then retry. If you enabled this API recently, wait a few minutes for the action to propagate to our systems and retry.","domain":"usageLimits","reason":"accessNotConfigured","extendedHelp":"https://console.developers.google.com"}],"status":"PERMISSION_DENIED","details":[{"@type":"type.googleapis.com/google.rpc.ErrorInfo","reason":"SERVICE_DISABLED","domain":"googleapis.com","metadata":{"consumer":"projects/769253344130","activationUrl":"https://console.developers.google.com/apis/api/compute.googleapis.com/overview?project=769253344130","serviceTitle":"Compute Engine API","containerInfo":"769253344130","service":"compute.googleapis.com"}},{"@type":"type.googleapis.com/google.rpc.LocalizedMessage","locale":"en-US","message":"Compute Engine API has not been used in project 769253344130 before or it is disabled. Enable it by visiting https://console.developers.google.com/apis/api/compute.googleapis.com/overview?project=769253344130 then retry. If you enabled this API recently, wait a few minutes for the action to propagate to our systems and retry."},{"@type":"type.googleapis.com/google.rpc.Help","links":[{"description":"Google developers console API activation","url":"https://console.developers.google.com/apis/api/compute.googleapis.com/overview?project=769253344130"}]}]}},"response":{"statusCode":403}},"exit":1,"message":"Request to https://compute.googleapis.com/compute/v1/projects/769253344130 had HTTP Error: 403, Compute Engine API has not been used in project 769253344130 before or it is disabled. Enable it by visiting https://console.developers.google.com/apis/api/compute.googleapis.com/overview?project=769253344130 then retry. If you enabled this API recently, wait a few minutes for the action to propagate to our systems and retry.","status":403}
[debug] [2025-06-28T16:04:29.278Z] Checked if tokens are valid: true, expires at: 1751130228191
[debug] [2025-06-28T16:04:29.278Z] Checked if tokens are valid: true, expires at: 1751130228191
[debug] [2025-06-28T16:04:29.278Z] >>> [apiv2][query] GET https://compute.googleapis.com/compute/v1/projects/769253344130 [none]
[debug] [2025-06-28T16:04:29.558Z] <<< [apiv2][status] GET https://compute.googleapis.com/compute/v1/projects/769253344130 403
[debug] [2025-06-28T16:04:29.558Z] <<< [apiv2][body] GET https://compute.googleapis.com/compute/v1/projects/769253344130 {"error":{"code":403,"message":"Compute Engine API has not been used in project 769253344130 before or it is disabled. Enable it by visiting https://console.developers.google.com/apis/api/compute.googleapis.com/overview?project=769253344130 then retry. If you enabled this API recently, wait a few minutes for the action to propagate to our systems and retry.","errors":[{"message":"Compute Engine API has not been used in project 769253344130 before or it is disabled. Enable it by visiting https://console.developers.google.com/apis/api/compute.googleapis.com/overview?project=769253344130 then retry. If you enabled this API recently, wait a few minutes for the action to propagate to our systems and retry.","domain":"usageLimits","reason":"accessNotConfigured","extendedHelp":"https://console.developers.google.com"}],"status":"PERMISSION_DENIED","details":[{"@type":"type.googleapis.com/google.rpc.ErrorInfo","reason":"SERVICE_DISABLED","domain":"googleapis.com","metadata":{"activationUrl":"https://console.developers.google.com/apis/api/compute.googleapis.com/overview?project=769253344130","service":"compute.googleapis.com","containerInfo":"769253344130","serviceTitle":"Compute Engine API","consumer":"projects/769253344130"}},{"@type":"type.googleapis.com/google.rpc.LocalizedMessage","locale":"en-US","message":"Compute Engine API has not been used in project 769253344130 before or it is disabled. Enable it by visiting https://console.developers.google.com/apis/api/compute.googleapis.com/overview?project=769253344130 then retry. If you enabled this API recently, wait a few minutes for the action to propagate to our systems and retry."},{"@type":"type.googleapis.com/google.rpc.Help","links":[{"description":"Google developers console API activation","url":"https://console.developers.google.com/apis/api/compute.googleapis.com/overview?project=769253344130"}]}]}}
[debug] [2025-06-28T16:04:29.558Z] unable to look up default compute service account. Falling back to 769253344130-compute@developer.gserviceaccount.com. Error: {"name":"FirebaseError","children":[],"context":{"body":{"error":{"code":403,"message":"Compute Engine API has not been used in project 769253344130 before or it is disabled. Enable it by visiting https://console.developers.google.com/apis/api/compute.googleapis.com/overview?project=769253344130 then retry. If you enabled this API recently, wait a few minutes for the action to propagate to our systems and retry.","errors":[{"message":"Compute Engine API has not been used in project 769253344130 before or it is disabled. Enable it by visiting https://console.developers.google.com/apis/api/compute.googleapis.com/overview?project=769253344130 then retry. If you enabled this API recently, wait a few minutes for the action to propagate to our systems and retry.","domain":"usageLimits","reason":"accessNotConfigured","extendedHelp":"https://console.developers.google.com"}],"status":"PERMISSION_DENIED","details":[{"@type":"type.googleapis.com/google.rpc.ErrorInfo","reason":"SERVICE_DISABLED","domain":"googleapis.com","metadata":{"activationUrl":"https://console.developers.google.com/apis/api/compute.googleapis.com/overview?project=769253344130","service":"compute.googleapis.com","containerInfo":"769253344130","serviceTitle":"Compute Engine API","consumer":"projects/769253344130"}},{"@type":"type.googleapis.com/google.rpc.LocalizedMessage","locale":"en-US","message":"Compute Engine API has not been used in project 769253344130 before or it is disabled. Enable it by visiting https://console.developers.google.com/apis/api/compute.googleapis.com/overview?project=769253344130 then retry. If you enabled this API recently, wait a few minutes for the action to propagate to our systems and retry."},{"@type":"type.googleapis.com/google.rpc.Help","links":[{"description":"Google developers console API activation","url":"https://console.developers.google.com/apis/api/compute.googleapis.com/overview?project=769253344130"}]}]}},"response":{"statusCode":403}},"exit":1,"message":"Request to https://compute.googleapis.com/compute/v1/projects/769253344130 had HTTP Error: 403, Compute Engine API has not been used in project 769253344130 before or it is disabled. Enable it by visiting https://console.developers.google.com/apis/api/compute.googleapis.com/overview?project=769253344130 then retry. If you enabled this API recently, wait a few minutes for the action to propagate to our systems and retry.","status":403}
[debug] [2025-06-28T16:04:29.559Z] Checked if tokens are valid: true, expires at: 1751130228191
[debug] [2025-06-28T16:04:29.559Z] Checked if tokens are valid: true, expires at: 1751130228191
[debug] [2025-06-28T16:04:29.559Z] >>> [apiv2][query] GET https://cloudbilling.googleapis.com/v1/projects/react-57a14/billingInfo [none]
[debug] [2025-06-28T16:04:30.454Z] <<< [apiv2][status] GET https://cloudbilling.googleapis.com/v1/projects/react-57a14/billingInfo 200
[debug] [2025-06-28T16:04:30.454Z] <<< [apiv2][body] GET https://cloudbilling.googleapis.com/v1/projects/react-57a14/billingInfo {"name":"projects/react-57a14/billingInfo","projectId":"react-57a14","billingAccountName":"billingAccounts/01D51D-2CFB39-3C980E","billingEnabled":true}
[debug] [2025-06-28T16:04:30.455Z] Checked if tokens are valid: true, expires at: 1751130228191
[debug] [2025-06-28T16:04:30.455Z] Checked if tokens are valid: true, expires at: 1751130228191
[debug] [2025-06-28T16:04:30.455Z] >>> [apiv2][query] POST https://cloudfunctions.googleapis.com/v2/projects/react-57a14/locations/europe-west1/functions:generateUploadUrl [none]
[debug] [2025-06-28T16:04:30.927Z] <<< [apiv2][status] POST https://cloudfunctions.googleapis.com/v2/projects/react-57a14/locations/europe-west1/functions:generateUploadUrl 200
[debug] [2025-06-28T16:04:30.927Z] <<< [apiv2][body] POST https://cloudfunctions.googleapis.com/v2/projects/react-57a14/locations/europe-west1/functions:generateUploadUrl {"uploadUrl":"https://storage.googleapis.com/gcf-v2-uploads-769253344130.europe-west1.cloudfunctions.appspot.com/59471be9-95e5-44c6-b44d-d969437ea07e.zip?GoogleAccessId=service-769253344130@gcf-admin-robot.iam.gserviceaccount.com&Expires=1751128470&Signature=h2mtSvcT4LVocrZ2yMv1VZqiyh0UHiRDa9MSfbLV5Z00xIQhiymouA9K2w4qzZFPUxaI9%2FuSRqaPlzJ3UGSqLsjAkDOVyD2krPO%2FyQfOIsmOX5%2FG8weF1pZjA23FvSfeNy59fnEf7eSDAlELuRtjgJClabXNUBjfI8Zlt36Wm5PuRo905c8761jDTqLvipRCiKwqKIe0d5SwPaMeN3CUtcR9%2F58PK9jjji05h%2B2Eiusl0xCA3ZVu8YMW7qDlpVxOA9nGU%2BAOwRRBjoVMjTWuRKV5QxtDnMbx4NlGlAcRGBnZrJCNdktW0BV0lEU2Y0o2B5OBtq71aqQZGmIlwLXvfA%3D%3D","storageSource":{"bucket":"gcf-v2-uploads-769253344130.europe-west1.cloudfunctions.appspot.com","object":"59471be9-95e5-44c6-b44d-d969437ea07e.zip"}}
[debug] [2025-06-28T16:04:30.928Z] >>> [apiv2][query] PUT https://storage.googleapis.com/gcf-v2-uploads-769253344130.europe-west1.cloudfunctions.appspot.com/59471be9-95e5-44c6-b44d-d969437ea07e.zip GoogleAccessId=service-769253344130%40gcf-admin-robot.iam.gserviceaccount.com&Expires=1751128470&Signature=h2mtSvcT4LVocrZ2yMv1VZqiyh0UHiRDa9MSfbLV5Z00xIQhiymouA9K2w4qzZFPUxaI9%2FuSRqaPlzJ3UGSqLsjAkDOVyD2krPO%2FyQfOIsmOX5%2FG8weF1pZjA23FvSfeNy59fnEf7eSDAlELuRtjgJClabXNUBjfI8Zlt36Wm5PuRo905c8761jDTqLvipRCiKwqKIe0d5SwPaMeN3CUtcR9%2F58PK9jjji05h%2B2Eiusl0xCA3ZVu8YMW7qDlpVxOA9nGU%2BAOwRRBjoVMjTWuRKV5QxtDnMbx4NlGlAcRGBnZrJCNdktW0BV0lEU2Y0o2B5OBtq71aqQZGmIlwLXvfA%3D%3D
[debug] [2025-06-28T16:04:30.928Z] >>> [apiv2][body] PUT https://storage.googleapis.com/gcf-v2-uploads-769253344130.europe-west1.cloudfunctions.appspot.com/59471be9-95e5-44c6-b44d-d969437ea07e.zip [stream]
[debug] [2025-06-28T16:04:31.767Z] <<< [apiv2][status] PUT https://storage.googleapis.com/gcf-v2-uploads-769253344130.europe-west1.cloudfunctions.appspot.com/59471be9-95e5-44c6-b44d-d969437ea07e.zip 200
[debug] [2025-06-28T16:04:31.767Z] <<< [apiv2][body] PUT https://storage.googleapis.com/gcf-v2-uploads-769253344130.europe-west1.cloudfunctions.appspot.com/59471be9-95e5-44c6-b44d-d969437ea07e.zip [omitted]
[info] +  functions: functions folder uploaded successfully 
[info] 
The following functions are found in your project but do not exist in your local source code:
	sendCommentNotification(europe-west1)

If you are renaming a function or changing its region, it is recommended that you create the new function first before deleting the old one to prevent event loss. For more info, visit https://firebase.google.com/docs/functions/manage-functions#modify

[info] i  functions: updating Node.js 22 (2nd Gen) function sendNewRequestNotificationOnUpdate(europe-west1)... 
[info] i  functions: updating Node.js 22 (2nd Gen) function sendNewRequestNotificationOnCreate(europe-west1)... 
[info] i  functions: deleting Node.js 22 (2nd Gen) function sendCommentNotification(europe-west1)... 
[debug] [2025-06-28T19:03:37.510Z] Checked if tokens are valid: false, expires at: 1751130228191
[debug] [2025-06-28T19:03:37.510Z] Checked if tokens are valid: false, expires at: 1751130228191
[debug] [2025-06-28T19:03:37.510Z] > refreshing access token with scopes: []
[debug] [2025-06-28T19:03:37.512Z] >>> [apiv2][query] POST https://www.googleapis.com/oauth2/v3/token [none]
[debug] [2025-06-28T19:03:37.512Z] >>> [apiv2][body] POST https://www.googleapis.com/oauth2/v3/token [omitted]
[debug] [2025-06-28T19:03:37.520Z] Checked if tokens are valid: false, expires at: 1751130228191
[debug] [2025-06-28T19:03:37.520Z] Checked if tokens are valid: false, expires at: 1751130228191
[debug] [2025-06-28T19:03:37.521Z] > refreshing access token with scopes: []
[debug] [2025-06-28T19:03:37.521Z] >>> [apiv2][query] POST https://www.googleapis.com/oauth2/v3/token [none]
[debug] [2025-06-28T19:03:37.521Z] >>> [apiv2][body] POST https://www.googleapis.com/oauth2/v3/token [omitted]
[debug] [2025-06-28T19:03:37.911Z] <<< [apiv2][status] POST https://www.googleapis.com/oauth2/v3/token 200
[debug] [2025-06-28T19:03:37.912Z] <<< [apiv2][body] POST https://www.googleapis.com/oauth2/v3/token [omitted]
[debug] [2025-06-28T19:03:37.922Z] >>> [apiv2][query] PATCH https://cloudfunctions.googleapis.com/v2/projects/react-57a14/locations/europe-west1/functions/sendNewRequestNotificationOnUpdate updateMask=name%2CbuildConfig.runtime%2CbuildConfig.entryPoint%2CbuildConfig.source.storageSource.bucket%2CbuildConfig.source.storageSource.object%2CbuildConfig.environmentVariables%2CbuildConfig.sourceToken%2CserviceConfig.environmentVariables%2CserviceConfig.ingressSettings%2CserviceConfig.timeoutSeconds%2CserviceConfig.serviceAccountEmail%2CserviceConfig.availableMemory%2CserviceConfig.minInstanceCount%2CserviceConfig.maxInstanceCount%2CserviceConfig.maxInstanceRequestConcurrency%2CserviceConfig.availableCpu%2CserviceConfig.vpcConnector%2CserviceConfig.vpcConnectorEgressSettings%2Clabels%2CeventTrigger.eventType%2CeventTrigger.retryPolicy%2CeventTrigger.eventFilters%2CeventTrigger.triggerRegion
[debug] [2025-06-28T19:03:37.922Z] >>> [apiv2][body] PATCH https://cloudfunctions.googleapis.com/v2/projects/react-57a14/locations/europe-west1/functions/sendNewRequestNotificationOnUpdate {"name":"projects/react-57a14/locations/europe-west1/functions/sendNewRequestNotificationOnUpdate","buildConfig":{"runtime":"nodejs22","entryPoint":"sendNewRequestNotificationOnUpdate","source":{"storageSource":{"bucket":"gcf-v2-uploads-769253344130.europe-west1.cloudfunctions.appspot.com","object":"59471be9-95e5-44c6-b44d-d969437ea07e.zip"}},"environmentVariables":{"GOOGLE_NODE_RUN_SCRIPTS":""}},"serviceConfig":{"environmentVariables":{"FIREBASE_CONFIG":"{\"projectId\":\"react-57a14\",\"databaseURL\":\"https://react-57a14-default-rtdb.europe-west1.firebasedatabase.app\",\"storageBucket\":\"react-57a14.appspot.com\",\"locationId\":\"europe-west\"}","GCLOUD_PROJECT":"react-57a14","EVENTARC_CLOUD_EVENT_SOURCE":"projects/react-57a14/locations/europe-west1/services/sendNewRequestNotificationOnUpdate","FUNCTION_SIGNATURE_TYPE":"cloudevent","FUNCTION_TARGET":"sendNewRequestNotificationOnUpdate","LOG_EXECUTION_ID":"true"},"ingressSettings":null,"timeoutSeconds":null,"serviceAccountEmail":null,"availableMemory":"256Mi","minInstanceCount":null,"maxInstanceCount":null,"maxInstanceRequestConcurrency":80,"availableCpu":"1","vpcConnector":null,"vpcConnectorEgressSettings":null},"labels":{"deployment-tool":"cli-firebase","firebase-functions-hash":"4950356b8797523bba6991775f3516455a7333ca"},"eventTrigger":{"eventType":"google.cloud.firestore.document.v1.updated","retryPolicy":"RETRY_POLICY_DO_NOT_RETRY","eventFilters":[{"attribute":"database","value":"(default)"},{"attribute":"namespace","value":"(default)"},{"attribute":"document","value":"serviceRequests/{requestId}","operator":"match-path-pattern"}],"triggerRegion":"eur3"}}
[debug] [2025-06-28T19:03:37.924Z] <<< [apiv2][status] POST https://www.googleapis.com/oauth2/v3/token 200
[debug] [2025-06-28T19:03:37.924Z] <<< [apiv2][body] POST https://www.googleapis.com/oauth2/v3/token [omitted]
[debug] [2025-06-28T19:03:37.932Z] >>> [apiv2][query] DELETE https://cloudfunctions.googleapis.com/v2/projects/react-57a14/locations/europe-west1/functions/sendCommentNotification [none]
[debug] [2025-06-28T19:03:38.460Z] <<< [apiv2][status] DELETE https://cloudfunctions.googleapis.com/v2/projects/react-57a14/locations/europe-west1/functions/sendCommentNotification 404
[debug] [2025-06-28T19:03:38.460Z] <<< [apiv2][body] DELETE https://cloudfunctions.googleapis.com/v2/projects/react-57a14/locations/europe-west1/functions/sendCommentNotification {"error":{"code":404,"message":"Resource 'projects/react-57a14/locations/europe-west1/functions/sendCommentNotification' was not found","status":"NOT_FOUND","details":[{"@type":"type.googleapis.com/google.rpc.ResourceInfo","resourceName":"projects/react-57a14/locations/europe-west1/functions/sendCommentNotification"}]}}
[warn] !  functions: Request to https://cloudfunctions.googleapis.com/v2/projects/react-57a14/locations/europe-west1/functions/sendCommentNotification had HTTP Error: 404, Resource 'projects/react-57a14/locations/europe-west1/functions/sendCommentNotification' was not found 
[warn] !  functions:  failed to update function projects/react-57a14/locations/europe-west1/functions/sendCommentNotification 
[error] Failed to update function projects/react-57a14/locations/europe-west1/functions/sendCommentNotification
[debug] [2025-06-28T19:03:39.907Z] <<< [apiv2][status] PATCH https://cloudfunctions.googleapis.com/v2/projects/react-57a14/locations/europe-west1/functions/sendNewRequestNotificationOnUpdate 200
[debug] [2025-06-28T19:03:39.908Z] <<< [apiv2][body] PATCH https://cloudfunctions.googleapis.com/v2/projects/react-57a14/locations/europe-west1/functions/sendNewRequestNotificationOnUpdate {"name":"projects/react-57a14/locations/europe-west1/operations/operation-1751137417780-638a673bd5cb0-8d08c445-1ad9ef61","metadata":{"@type":"type.googleapis.com/google.cloud.functions.v2.OperationMetadata","createTime":"2025-06-28T19:03:39.226800853Z","target":"projects/react-57a14/locations/europe-west1/functions/sendNewRequestNotificationOnUpdate","verb":"update","cancelRequested":false,"apiVersion":"v2"},"done":false}
[debug] [2025-06-28T19:03:39.909Z] Checked if tokens are valid: true, expires at: 1751141016925
[debug] [2025-06-28T19:03:39.909Z] Checked if tokens are valid: true, expires at: 1751141016925
[debug] [2025-06-28T19:03:39.910Z] >>> [apiv2][query] GET https://cloudfunctions.googleapis.com/v2/projects/react-57a14/locations/europe-west1/operations/operation-1751137417780-638a673bd5cb0-8d08c445-1ad9ef61 [none]
[debug] [2025-06-28T19:03:40.111Z] <<< [apiv2][status] GET https://cloudfunctions.googleapis.com/v2/projects/react-57a14/locations/europe-west1/operations/operation-1751137417780-638a673bd5cb0-8d08c445-1ad9ef61 200
[debug] [2025-06-28T19:03:40.111Z] <<< [apiv2][body] GET https://cloudfunctions.googleapis.com/v2/projects/react-57a14/locations/europe-west1/operations/operation-1751137417780-638a673bd5cb0-8d08c445-1ad9ef61 {"name":"projects/react-57a14/locations/europe-west1/operations/operation-1751137417780-638a673bd5cb0-8d08c445-1ad9ef61","metadata":{"@type":"type.googleapis.com/google.cloud.functions.v2.OperationMetadata","createTime":"2025-06-28T19:03:39.226800853Z","target":"projects/react-57a14/locations/europe-west1/functions/sendNewRequestNotificationOnUpdate","verb":"update","cancelRequested":false,"apiVersion":"v2","requestResource":{"@type":"type.googleapis.com/google.cloud.functions.v2.Function","name":"projects/react-57a14/locations/europe-west1/functions/sendNewRequestNotificationOnUpdate","buildConfig":{"runtime":"nodejs22","entryPoint":"sendNewRequestNotificationOnUpdate","source":{"storageSource":{"bucket":"gcf-v2-sources-769253344130-europe-west1","object":"sendNewRequestNotificationOnUpdate/function-source.zip","generation":"1751137419124781"}},"environmentVariables":{"GOOGLE_NODE_RUN_SCRIPTS":""},"dockerRepository":"projects/react-57a14/locations/europe-west1/repositories/gcf-artifacts","sourceProvenance":{"resolvedStorageSource":{"bucket":"gcf-v2-sources-769253344130-europe-west1","object":"sendNewRequestNotificationOnUpdate/function-source.zip","generation":"1751132218388398"}},"dockerRegistry":"ARTIFACT_REGISTRY","serviceAccount":"projects/react-57a14/serviceAccounts/769253344130-compute@developer.gserviceaccount.com","automaticUpdatePolicy":{}},"serviceConfig":{"service":"projects/react-57a14/locations/europe-west1/services/sendnewrequestnotificationonupdate","timeoutSeconds":60,"environmentVariables":{"FIREBASE_CONFIG":"{\"projectId\":\"react-57a14\",\"databaseURL\":\"https://react-57a14-default-rtdb.europe-west1.firebasedatabase.app\",\"storageBucket\":\"react-57a14.appspot.com\",\"locationId\":\"europe-west\"}","GCLOUD_PROJECT":"react-57a14","EVENTARC_CLOUD_EVENT_SOURCE":"projects/react-57a14/locations/europe-west1/services/sendNewRequestNotificationOnUpdate","FUNCTION_SIGNATURE_TYPE":"cloudevent","FUNCTION_TARGET":"sendNewRequestNotificationOnUpdate","LOG_EXECUTION_ID":"true"},"ingressSettings":"ALLOW_ALL","uri":"https://sendnewrequestnotificationonupdate-tsghkzetta-ew.a.run.app","serviceAccountEmail":"769253344130-compute@developer.gserviceaccount.com","availableMemory":"256Mi","allTrafficOnLatestRevision":true,"revision":"sendnewrequestnotificationonupdate-00003-veg","maxInstanceRequestConcurrency":80,"availableCpu":"1"},"eventTrigger":{"trigger":"projects/react-57a14/locations/eur3/triggers/sendnewrequestnotificationonupdate-653235","triggerRegion":"eur3","eventType":"google.cloud.firestore.document.v1.updated","eventFilters":[{"attribute":"database","value":"(default)"},{"attribute":"namespace","value":"(default)"},{"attribute":"document","value":"serviceRequests/{requestId}","operator":"match-path-pattern"}],"pubsubTopic":"projects/react-57a14/topics/eventarc-eur3-sendnewrequestnotificationonupdate-653235-931","serviceAccountEmail":"769253344130-compute@developer.gserviceaccount.com","retryPolicy":"RETRY_POLICY_DO_NOT_RETRY"},"state":"ACTIVE","labels":{"deployment-tool":"cli-firebase","firebase-functions-hash":"4950356b8797523bba6991775f3516455a7333ca"},"environment":"GEN_2","url":"https://europe-west1-react-57a14.cloudfunctions.net/sendNewRequestNotificationOnUpdate","satisfiesPzi":true},"stages":[{"name":"BUILD","state":"NOT_STARTED"},{"name":"SERVICE","state":"NOT_STARTED"},{"name":"TRIGGER","state":"NOT_STARTED"}],"operationType":"UPDATE_FUNCTION"},"done":false}
[debug] [2025-06-28T19:03:40.614Z] [update-default-europe-west1-sendNewRequestNotificationOnUpdate] Retrying task index 0
[debug] [2025-06-28T19:03:40.614Z] Checked if tokens are valid: true, expires at: 1751141016925
[debug] [2025-06-28T19:03:40.614Z] Checked if tokens are valid: true, expires at: 1751141016925
[debug] [2025-06-28T19:03:40.614Z] >>> [apiv2][query] GET https://cloudfunctions.googleapis.com/v2/projects/react-57a14/locations/europe-west1/operations/operation-1751137417780-638a673bd5cb0-8d08c445-1ad9ef61 [none]
[debug] [2025-06-28T19:03:40.808Z] <<< [apiv2][status] GET https://cloudfunctions.googleapis.com/v2/projects/react-57a14/locations/europe-west1/operations/operation-1751137417780-638a673bd5cb0-8d08c445-1ad9ef61 200
[debug] [2025-06-28T19:03:40.808Z] <<< [apiv2][body] GET https://cloudfunctions.googleapis.com/v2/projects/react-57a14/locations/europe-west1/operations/operation-1751137417780-638a673bd5cb0-8d08c445-1ad9ef61 {"name":"projects/react-57a14/locations/europe-west1/operations/operation-1751137417780-638a673bd5cb0-8d08c445-1ad9ef61","metadata":{"@type":"type.googleapis.com/google.cloud.functions.v2.OperationMetadata","createTime":"2025-06-28T19:03:39.226800853Z","target":"projects/react-57a14/locations/europe-west1/functions/sendNewRequestNotificationOnUpdate","verb":"update","cancelRequested":false,"apiVersion":"v2","requestResource":{"@type":"type.googleapis.com/google.cloud.functions.v2.Function","name":"projects/react-57a14/locations/europe-west1/functions/sendNewRequestNotificationOnUpdate","buildConfig":{"runtime":"nodejs22","entryPoint":"sendNewRequestNotificationOnUpdate","source":{"storageSource":{"bucket":"gcf-v2-sources-769253344130-europe-west1","object":"sendNewRequestNotificationOnUpdate/function-source.zip","generation":"1751137419124781"}},"environmentVariables":{"GOOGLE_NODE_RUN_SCRIPTS":""},"dockerRepository":"projects/react-57a14/locations/europe-west1/repositories/gcf-artifacts","sourceProvenance":{"resolvedStorageSource":{"bucket":"gcf-v2-sources-769253344130-europe-west1","object":"sendNewRequestNotificationOnUpdate/function-source.zip","generation":"1751132218388398"}},"dockerRegistry":"ARTIFACT_REGISTRY","serviceAccount":"projects/react-57a14/serviceAccounts/769253344130-compute@developer.gserviceaccount.com","automaticUpdatePolicy":{}},"serviceConfig":{"service":"projects/react-57a14/locations/europe-west1/services/sendnewrequestnotificationonupdate","timeoutSeconds":60,"environmentVariables":{"FIREBASE_CONFIG":"{\"projectId\":\"react-57a14\",\"databaseURL\":\"https://react-57a14-default-rtdb.europe-west1.firebasedatabase.app\",\"storageBucket\":\"react-57a14.appspot.com\",\"locationId\":\"europe-west\"}","GCLOUD_PROJECT":"react-57a14","EVENTARC_CLOUD_EVENT_SOURCE":"projects/react-57a14/locations/europe-west1/services/sendNewRequestNotificationOnUpdate","FUNCTION_SIGNATURE_TYPE":"cloudevent","FUNCTION_TARGET":"sendNewRequestNotificationOnUpdate","LOG_EXECUTION_ID":"true"},"ingressSettings":"ALLOW_ALL","uri":"https://sendnewrequestnotificationonupdate-tsghkzetta-ew.a.run.app","serviceAccountEmail":"769253344130-compute@developer.gserviceaccount.com","availableMemory":"256Mi","allTrafficOnLatestRevision":true,"revision":"sendnewrequestnotificationonupdate-00003-veg","maxInstanceRequestConcurrency":80,"availableCpu":"1"},"eventTrigger":{"trigger":"projects/react-57a14/locations/eur3/triggers/sendnewrequestnotificationonupdate-653235","triggerRegion":"eur3","eventType":"google.cloud.firestore.document.v1.updated","eventFilters":[{"attribute":"database","value":"(default)"},{"attribute":"namespace","value":"(default)"},{"attribute":"document","value":"serviceRequests/{requestId}","operator":"match-path-pattern"}],"pubsubTopic":"projects/react-57a14/topics/eventarc-eur3-sendnewrequestnotificationonupdate-653235-931","serviceAccountEmail":"769253344130-compute@developer.gserviceaccount.com","retryPolicy":"RETRY_POLICY_DO_NOT_RETRY"},"state":"ACTIVE","labels":{"deployment-tool":"cli-firebase","firebase-functions-hash":"4950356b8797523bba6991775f3516455a7333ca"},"environment":"GEN_2","url":"https://europe-west1-react-57a14.cloudfunctions.net/sendNewRequestNotificationOnUpdate","satisfiesPzi":true},"stages":[{"name":"BUILD","state":"NOT_STARTED"},{"name":"SERVICE","state":"NOT_STARTED"},{"name":"TRIGGER","state":"NOT_STARTED"}],"operationType":"UPDATE_FUNCTION"},"done":false}
[debug] [2025-06-28T19:03:41.810Z] [update-default-europe-west1-sendNewRequestNotificationOnUpdate] Retrying task index 0
[debug] [2025-06-28T19:03:41.810Z] Checked if tokens are valid: true, expires at: 1751141016925
[debug] [2025-06-28T19:03:41.810Z] Checked if tokens are valid: true, expires at: 1751141016925
[debug] [2025-06-28T19:03:41.811Z] >>> [apiv2][query] GET https://cloudfunctions.googleapis.com/v2/projects/react-57a14/locations/europe-west1/operations/operation-1751137417780-638a673bd5cb0-8d08c445-1ad9ef61 [none]
[debug] [2025-06-28T19:03:41.991Z] <<< [apiv2][status] GET https://cloudfunctions.googleapis.com/v2/projects/react-57a14/locations/europe-west1/operations/operation-1751137417780-638a673bd5cb0-8d08c445-1ad9ef61 200
[debug] [2025-06-28T19:03:41.991Z] <<< [apiv2][body] GET https://cloudfunctions.googleapis.com/v2/projects/react-57a14/locations/europe-west1/operations/operation-1751137417780-638a673bd5cb0-8d08c445-1ad9ef61 {"name":"projects/react-57a14/locations/europe-west1/operations/operation-1751137417780-638a673bd5cb0-8d08c445-1ad9ef61","metadata":{"@type":"type.googleapis.com/google.cloud.functions.v2.OperationMetadata","createTime":"2025-06-28T19:03:39.226800853Z","target":"projects/react-57a14/locations/europe-west1/functions/sendNewRequestNotificationOnUpdate","verb":"update","cancelRequested":false,"apiVersion":"v2","requestResource":{"@type":"type.googleapis.com/google.cloud.functions.v2.Function","name":"projects/react-57a14/locations/europe-west1/functions/sendNewRequestNotificationOnUpdate","buildConfig":{"runtime":"nodejs22","entryPoint":"sendNewRequestNotificationOnUpdate","source":{"storageSource":{"bucket":"gcf-v2-sources-769253344130-europe-west1","object":"sendNewRequestNotificationOnUpdate/function-source.zip","generation":"1751137419124781"}},"environmentVariables":{"GOOGLE_NODE_RUN_SCRIPTS":""},"dockerRepository":"projects/react-57a14/locations/europe-west1/repositories/gcf-artifacts","sourceProvenance":{"resolvedStorageSource":{"bucket":"gcf-v2-sources-769253344130-europe-west1","object":"sendNewRequestNotificationOnUpdate/function-source.zip","generation":"1751132218388398"}},"dockerRegistry":"ARTIFACT_REGISTRY","serviceAccount":"projects/react-57a14/serviceAccounts/769253344130-compute@developer.gserviceaccount.com","automaticUpdatePolicy":{}},"serviceConfig":{"service":"projects/react-57a14/locations/europe-west1/services/sendnewrequestnotificationonupdate","timeoutSeconds":60,"environmentVariables":{"FIREBASE_CONFIG":"{\"projectId\":\"react-57a14\",\"databaseURL\":\"https://react-57a14-default-rtdb.europe-west1.firebasedatabase.app\",\"storageBucket\":\"react-57a14.appspot.com\",\"locationId\":\"europe-west\"}","GCLOUD_PROJECT":"react-57a14","EVENTARC_CLOUD_EVENT_SOURCE":"projects/react-57a14/locations/europe-west1/services/sendNewRequestNotificationOnUpdate","FUNCTION_SIGNATURE_TYPE":"cloudevent","FUNCTION_TARGET":"sendNewRequestNotificationOnUpdate","LOG_EXECUTION_ID":"true"},"ingressSettings":"ALLOW_ALL","uri":"https://sendnewrequestnotificationonupdate-tsghkzetta-ew.a.run.app","serviceAccountEmail":"769253344130-compute@developer.gserviceaccount.com","availableMemory":"256Mi","allTrafficOnLatestRevision":true,"revision":"sendnewrequestnotificationonupdate-00003-veg","maxInstanceRequestConcurrency":80,"availableCpu":"1"},"eventTrigger":{"trigger":"projects/react-57a14/locations/eur3/triggers/sendnewrequestnotificationonupdate-653235","triggerRegion":"eur3","eventType":"google.cloud.firestore.document.v1.updated","eventFilters":[{"attribute":"database","value":"(default)"},{"attribute":"namespace","value":"(default)"},{"attribute":"document","value":"serviceRequests/{requestId}","operator":"match-path-pattern"}],"pubsubTopic":"projects/react-57a14/topics/eventarc-eur3-sendnewrequestnotificationonupdate-653235-931","serviceAccountEmail":"769253344130-compute@developer.gserviceaccount.com","retryPolicy":"RETRY_POLICY_DO_NOT_RETRY"},"state":"ACTIVE","labels":{"deployment-tool":"cli-firebase","firebase-functions-hash":"4950356b8797523bba6991775f3516455a7333ca"},"environment":"GEN_2","url":"https://europe-west1-react-57a14.cloudfunctions.net/sendNewRequestNotificationOnUpdate","satisfiesPzi":true},"stages":[{"name":"BUILD","message":"Build in progress","state":"IN_PROGRESS","resource":"projects/769253344130/locations/europe-west1/builds/d8393cd5-6bd1-43d8-8229-d0380f6a2c91","resourceUri":"https://console.cloud.google.com/cloud-build/builds;region=europe-west1/d8393cd5-6bd1-43d8-8229-d0380f6a2c91?project=769253344130"},{"name":"SERVICE","state":"NOT_STARTED"},{"name":"TRIGGER","state":"NOT_STARTED"}],"operationType":"UPDATE_FUNCTION","buildName":"projects/769253344130/locations/europe-west1/builds/d8393cd5-6bd1-43d8-8229-d0380f6a2c91"},"done":false}
[debug] [2025-06-28T19:03:44.006Z] [update-default-europe-west1-sendNewRequestNotificationOnUpdate] Retrying task index 0
[debug] [2025-06-28T19:03:44.006Z] Checked if tokens are valid: true, expires at: 1751141016925
[debug] [2025-06-28T19:03:44.006Z] Checked if tokens are valid: true, expires at: 1751141016925
[debug] [2025-06-28T19:03:44.006Z] >>> [apiv2][query] GET https://cloudfunctions.googleapis.com/v2/projects/react-57a14/locations/europe-west1/operations/operation-1751137417780-638a673bd5cb0-8d08c445-1ad9ef61 [none]
[debug] [2025-06-28T19:03:44.212Z] <<< [apiv2][status] GET https://cloudfunctions.googleapis.com/v2/projects/react-57a14/locations/europe-west1/operations/operation-1751137417780-638a673bd5cb0-8d08c445-1ad9ef61 200
[debug] [2025-06-28T19:03:44.212Z] <<< [apiv2][body] GET https://cloudfunctions.googleapis.com/v2/projects/react-57a14/locations/europe-west1/operations/operation-1751137417780-638a673bd5cb0-8d08c445-1ad9ef61 {"name":"projects/react-57a14/locations/europe-west1/operations/operation-1751137417780-638a673bd5cb0-8d08c445-1ad9ef61","metadata":{"@type":"type.googleapis.com/google.cloud.functions.v2.OperationMetadata","createTime":"2025-06-28T19:03:39.226800853Z","target":"projects/react-57a14/locations/europe-west1/functions/sendNewRequestNotificationOnUpdate","verb":"update","cancelRequested":false,"apiVersion":"v2","requestResource":{"@type":"type.googleapis.com/google.cloud.functions.v2.Function","name":"projects/react-57a14/locations/europe-west1/functions/sendNewRequestNotificationOnUpdate","buildConfig":{"runtime":"nodejs22","entryPoint":"sendNewRequestNotificationOnUpdate","source":{"storageSource":{"bucket":"gcf-v2-sources-769253344130-europe-west1","object":"sendNewRequestNotificationOnUpdate/function-source.zip","generation":"1751137419124781"}},"environmentVariables":{"GOOGLE_NODE_RUN_SCRIPTS":""},"dockerRepository":"projects/react-57a14/locations/europe-west1/repositories/gcf-artifacts","sourceProvenance":{"resolvedStorageSource":{"bucket":"gcf-v2-sources-769253344130-europe-west1","object":"sendNewRequestNotificationOnUpdate/function-source.zip","generation":"1751132218388398"}},"dockerRegistry":"ARTIFACT_REGISTRY","serviceAccount":"projects/react-57a14/serviceAccounts/769253344130-compute@developer.gserviceaccount.com","automaticUpdatePolicy":{}},"serviceConfig":{"service":"projects/react-57a14/locations/europe-west1/services/sendnewrequestnotificationonupdate","timeoutSeconds":60,"environmentVariables":{"FIREBASE_CONFIG":"{\"projectId\":\"react-57a14\",\"databaseURL\":\"https://react-57a14-default-rtdb.europe-west1.firebasedatabase.app\",\"storageBucket\":\"react-57a14.appspot.com\",\"locationId\":\"europe-west\"}","GCLOUD_PROJECT":"react-57a14","EVENTARC_CLOUD_EVENT_SOURCE":"projects/react-57a14/locations/europe-west1/services/sendNewRequestNotificationOnUpdate","FUNCTION_SIGNATURE_TYPE":"cloudevent","FUNCTION_TARGET":"sendNewRequestNotificationOnUpdate","LOG_EXECUTION_ID":"true"},"ingressSettings":"ALLOW_ALL","uri":"https://sendnewrequestnotificationonupdate-tsghkzetta-ew.a.run.app","serviceAccountEmail":"769253344130-compute@developer.gserviceaccount.com","availableMemory":"256Mi","allTrafficOnLatestRevision":true,"revision":"sendnewrequestnotificationonupdate-00003-veg","maxInstanceRequestConcurrency":80,"availableCpu":"1"},"eventTrigger":{"trigger":"projects/react-57a14/locations/eur3/triggers/sendnewrequestnotificationonupdate-653235","triggerRegion":"eur3","eventType":"google.cloud.firestore.document.v1.updated","eventFilters":[{"attribute":"database","value":"(default)"},{"attribute":"namespace","value":"(default)"},{"attribute":"document","value":"serviceRequests/{requestId}","operator":"match-path-pattern"}],"pubsubTopic":"projects/react-57a14/topics/eventarc-eur3-sendnewrequestnotificationonupdate-653235-931","serviceAccountEmail":"769253344130-compute@developer.gserviceaccount.com","retryPolicy":"RETRY_POLICY_DO_NOT_RETRY"},"state":"ACTIVE","labels":{"deployment-tool":"cli-firebase","firebase-functions-hash":"4950356b8797523bba6991775f3516455a7333ca"},"environment":"GEN_2","url":"https://europe-west1-react-57a14.cloudfunctions.net/sendNewRequestNotificationOnUpdate","satisfiesPzi":true},"stages":[{"name":"BUILD","message":"Build in progress","state":"IN_PROGRESS","resource":"projects/769253344130/locations/europe-west1/builds/d8393cd5-6bd1-43d8-8229-d0380f6a2c91","resourceUri":"https://console.cloud.google.com/cloud-build/builds;region=europe-west1/d8393cd5-6bd1-43d8-8229-d0380f6a2c91?project=769253344130"},{"name":"SERVICE","state":"NOT_STARTED"},{"name":"TRIGGER","state":"NOT_STARTED"}],"operationType":"UPDATE_FUNCTION","buildName":"projects/769253344130/locations/europe-west1/builds/d8393cd5-6bd1-43d8-8229-d0380f6a2c91"},"done":false}
